Starting Optuna Hyperparameter Search...
Mode: FULL OPTIMIZATION
Trials: 20 | Epochs per trial: 4
[I 2026-01-18 22:00:54,646] A new study created in memory with name: no-name-82202966-d6ca-4054-8f61-9379b6de8f60

--- Trial 0 ---
Testing: Model=densenet121 | LR=0.000398 | Batch=16
[TRAIN] Loaded 5216 images.
[VAL] Loaded 16 images.
[TEST] Loaded 624 images.
Trial 0 Finished. Validation Accuracy: 1.0000
[I 2026-01-18 22:03:35,113] Trial 0 finished with value: 1.0 and parameters: {'lr': 0.00039833278553390707, 'batch_size': 16, 'model_name': 'densenet121'}. Best is trial 0 with value: 1.0.

--- Trial 1 ---
Testing: Model=resnet50 | LR=0.000523 | Batch=32
[TRAIN] Loaded 5216 images.
[VAL] Loaded 16 images.
[TEST] Loaded 624 images.
Trial 1 Finished. Validation Accuracy: 1.0000
[I 2026-01-18 22:05:40,299] Trial 1 finished with value: 1.0 and parameters: {'lr': 0.000522650681600392, 'batch_size': 32, 'model_name': 'resnet50'}. Best is trial 0 with value: 1.0.

--- Trial 2 ---
Testing: Model=resnet50 | LR=0.000150 | Batch=32
[TRAIN] Loaded 5216 images.
[VAL] Loaded 16 images.
[TEST] Loaded 624 images.
Trial 2 Finished. Validation Accuracy: 1.0000
[I 2026-01-18 22:07:46,910] Trial 2 finished with value: 1.0 and parameters: {'lr': 0.00014980212020353727, 'batch_size': 32, 'model_name': 'resnet50'}. Best is trial 0 with value: 1.0.

--- Trial 3 ---
Testing: Model=resnet50 | LR=0.000671 | Batch=32
[TRAIN] Loaded 5216 images.
[VAL] Loaded 16 images.
[TEST] Loaded 624 images.
Trial 3 Finished. Validation Accuracy: 1.0000
[I 2026-01-18 22:09:54,768] Trial 3 finished with value: 1.0 and parameters: {'lr': 0.0006708043072888967, 'batch_size': 32, 'model_name': 'resnet50'}. Best is trial 0 with value: 1.0.

--- Trial 4 ---
Testing: Model=resnet50 | LR=0.000049 | Batch=16
[TRAIN] Loaded 5216 images.
[VAL] Loaded 16 images.
[TEST] Loaded 624 images.
Trial 4 Finished. Validation Accuracy: 0.8750
[I 2026-01-18 22:12:11,231] Trial 4 finished with value: 0.875 and parameters: {'lr': 4.8839645672023325e-05, 'batch_size': 16, 'model_name': 'resnet50'}. Best is trial 0 with value: 1.0.

--- Trial 5 ---
Testing: Model=densenet121 | LR=0.000027 | Batch=32
[TRAIN] Loaded 5216 images.
[VAL] Loaded 16 images.
[TEST] Loaded 624 images.
Trial 5 Pruned (Stopped early due to bad performance).
[I 2026-01-18 22:12:47,257] Trial 5 pruned. 

--- Trial 6 ---
Testing: Model=resnet50 | LR=0.000065 | Batch=16
[TRAIN] Loaded 5216 images.
[VAL] Loaded 16 images.
[TEST] Loaded 624 images.
Trial 6 Pruned (Stopped early due to bad performance).
[I 2026-01-18 22:13:21,027] Trial 6 pruned. 

--- Trial 7 ---
Testing: Model=densenet121 | LR=0.000059 | Batch=32
Warning: You are sending unauthenticated requests to the HF Hub. Please set a HF_TOKEN to enable higher rate limits and faster downloads.
[TRAIN] Loaded 5216 images.
[VAL] Loaded 16 images.
[TEST] Loaded 624 images.
Trial 7 Pruned (Stopped early due to bad performance).
[I 2026-01-18 22:13:56,021] Trial 7 pruned. 

--- Trial 8 ---
Testing: Model=densenet121 | LR=0.000023 | Batch=32
[TRAIN] Loaded 5216 images.
[VAL] Loaded 16 images.
[TEST] Loaded 624 images.
Trial 8 Pruned (Stopped early due to bad performance).
[I 2026-01-18 22:15:04,543] Trial 8 pruned. 

--- Trial 9 ---
Testing: Model=densenet121 | LR=0.000043 | Batch=32
[TRAIN] Loaded 5216 images.
[VAL] Loaded 16 images.
[TEST] Loaded 624 images.
Trial 9 Pruned (Stopped early due to bad performance).
[I 2026-01-18 22:16:12,272] Trial 9 pruned. 

--- Trial 10 ---
Testing: Model=densenet121 | LR=0.000192 | Batch=16
[TRAIN] Loaded 5216 images.
[VAL] Loaded 16 images.
[TEST] Loaded 624 images.
Trial 10 Pruned (Stopped early due to bad performance).
[I 2026-01-18 22:16:51,594] Trial 10 pruned. 

--- Trial 11 ---
Testing: Model=resnet50 | LR=0.000748 | Batch=16
[TRAIN] Loaded 5216 images.
[VAL] Loaded 16 images.
[TEST] Loaded 624 images.
Trial 11 Pruned (Stopped early due to bad performance).
[I 2026-01-18 22:17:24,075] Trial 11 pruned. 

--- Trial 12 ---
Testing: Model=densenet121 | LR=0.000353 | Batch=16
[TRAIN] Loaded 5216 images.
[VAL] Loaded 16 images.
[TEST] Loaded 624 images.
Trial 12 Pruned (Stopped early due to bad performance).
[I 2026-01-18 22:18:03,449] Trial 12 pruned. 

--- Trial 13 ---
Testing: Model=resnet50 | LR=0.000346 | Batch=16
[TRAIN] Loaded 5216 images.
[VAL] Loaded 16 images.
[TEST] Loaded 624 images.
Trial 13 Pruned (Stopped early due to bad performance).
[I 2026-01-18 22:19:40,351] Trial 13 pruned. 

--- Trial 14 ---
Testing: Model=densenet121 | LR=0.000994 | Batch=32
[TRAIN] Loaded 5216 images.
[VAL] Loaded 16 images.
[TEST] Loaded 624 images.
Trial 14 Pruned (Stopped early due to bad performance).
[I 2026-01-18 22:20:49,017] Trial 14 pruned. 

--- Trial 15 ---
Testing: Model=resnet50 | LR=0.000331 | Batch=16
[TRAIN] Loaded 5216 images.
[VAL] Loaded 16 images.
[TEST] Loaded 624 images.
Trial 15 Pruned (Stopped early due to bad performance).
[I 2026-01-18 22:21:22,540] Trial 15 pruned. 

--- Trial 16 ---
Testing: Model=densenet121 | LR=0.000136 | Batch=32
[TRAIN] Loaded 5216 images.
[VAL] Loaded 16 images.
[TEST] Loaded 624 images.
Trial 16 Pruned (Stopped early due to bad performance).
[I 2026-01-18 22:22:32,129] Trial 16 pruned. 

--- Trial 17 ---
Testing: Model=resnet50 | LR=0.000526 | Batch=16
[TRAIN] Loaded 5216 images.
[VAL] Loaded 16 images.
[TEST] Loaded 624 images.
Trial 17 Pruned (Stopped early due to bad performance).
[I 2026-01-18 22:23:06,004] Trial 17 pruned. 

--- Trial 18 ---
Testing: Model=densenet121 | LR=0.000010 | Batch=32
[TRAIN] Loaded 5216 images.
[VAL] Loaded 16 images.
[TEST] Loaded 624 images.
Trial 18 Pruned (Stopped early due to bad performance).
[I 2026-01-18 22:23:41,386] Trial 18 pruned. 

--- Trial 19 ---
Testing: Model=resnet50 | LR=0.000247 | Batch=16
[TRAIN] Loaded 5216 images.
[VAL] Loaded 16 images.
[TEST] Loaded 624 images.
Trial 19 Finished. Validation Accuracy: 0.8125
[I 2026-01-18 22:25:55,084] Trial 19 finished with value: 0.8125 and parameters: {'lr': 0.0002474236585117926, 'batch_size': 16, 'model_name': 'resnet50'}. Best is trial 0 with value: 1.0.

========================================
OPTIMIZATION COMPLETE
========================================
Best Trial: 0
Best Accuracy: 1.0000
Best Hyperparameters:
  - lr: 0.00039833278553390707
  - batch_size: 16
  - model_name: densenet121
Full log saved to: optuna_log.txt
